[2019-07-07T10:24:45.985] [ERROR] cheese - ReferenceError: aaa is not defined
    at ApiController.<anonymous> (/Users/yuanzhijia/Desktop/yd-crmsystem/src/server/controller/ApiController.ts:24:17)
    at step (/Users/yuanzhijia/Desktop/yd-crmsystem/src/server/controller/ApiController.ts:44:23)
    at Object.next (/Users/yuanzhijia/Desktop/yd-crmsystem/src/server/controller/ApiController.ts:25:53)
    at /Users/yuanzhijia/Desktop/yd-crmsystem/src/server/controller/ApiController.ts:19:71
    at new Promise (<anonymous>)
    at __awaiter (/Users/yuanzhijia/Desktop/yd-crmsystem/src/server/controller/ApiController.ts:15:12)
    at ApiController.test (/Users/yuanzhijia/Desktop/yd-crmsystem/src/server/controller/ApiController.ts:57:16)
    at InversifyKoaServer.<anonymous> (/Users/yuanzhijia/Desktop/yd-crmsystem/node_modules/inversify-koa-utils/lib/server.js:148:128)
    at step (/Users/yuanzhijia/Desktop/yd-crmsystem/node_modules/inversify-koa-utils/lib/server.js:32:23)
    at Object.next (/Users/yuanzhijia/Desktop/yd-crmsystem/node_modules/inversify-koa-utils/lib/server.js:13:53)
[2019-07-07T10:25:52.116] [ERROR] cheese - ReferenceError: aaa is not defined
    at ApiController.<anonymous> (/Users/yuanzhijia/Desktop/yd-crmsystem/src/server/controller/ApiController.ts:24:17)
    at step (/Users/yuanzhijia/Desktop/yd-crmsystem/src/server/controller/ApiController.ts:44:23)
    at Object.next (/Users/yuanzhijia/Desktop/yd-crmsystem/src/server/controller/ApiController.ts:25:53)
    at /Users/yuanzhijia/Desktop/yd-crmsystem/src/server/controller/ApiController.ts:19:71
    at new Promise (<anonymous>)
    at __awaiter (/Users/yuanzhijia/Desktop/yd-crmsystem/src/server/controller/ApiController.ts:15:12)
    at ApiController.test (/Users/yuanzhijia/Desktop/yd-crmsystem/src/server/controller/ApiController.ts:57:16)
    at InversifyKoaServer.<anonymous> (/Users/yuanzhijia/Desktop/yd-crmsystem/node_modules/inversify-koa-utils/lib/server.js:148:128)
    at step (/Users/yuanzhijia/Desktop/yd-crmsystem/node_modules/inversify-koa-utils/lib/server.js:32:23)
    at Object.next (/Users/yuanzhijia/Desktop/yd-crmsystem/node_modules/inversify-koa-utils/lib/server.js:13:53)
[2019-07-07T10:27:28.244] [ERROR] cheese - ReferenceError: aaa is not defined
    at ApiController.<anonymous> (/Users/yuanzhijia/Desktop/yd-crmsystem/src/server/controller/ApiController.ts:24:17)
    at step (/Users/yuanzhijia/Desktop/yd-crmsystem/src/server/controller/ApiController.ts:44:23)
    at Object.next (/Users/yuanzhijia/Desktop/yd-crmsystem/src/server/controller/ApiController.ts:25:53)
    at /Users/yuanzhijia/Desktop/yd-crmsystem/src/server/controller/ApiController.ts:19:71
    at new Promise (<anonymous>)
    at __awaiter (/Users/yuanzhijia/Desktop/yd-crmsystem/src/server/controller/ApiController.ts:15:12)
    at ApiController.test (/Users/yuanzhijia/Desktop/yd-crmsystem/src/server/controller/ApiController.ts:57:16)
    at InversifyKoaServer.<anonymous> (/Users/yuanzhijia/Desktop/yd-crmsystem/node_modules/inversify-koa-utils/lib/server.js:148:128)
    at step (/Users/yuanzhijia/Desktop/yd-crmsystem/node_modules/inversify-koa-utils/lib/server.js:32:23)
    at Object.next (/Users/yuanzhijia/Desktop/yd-crmsystem/node_modules/inversify-koa-utils/lib/server.js:13:53)
[2019-07-07T10:41:33.646] [ERROR] cheese - ReferenceError: aaa is not defined
    at ApiController.<anonymous> (/Users/yuanzhijia/Desktop/yd-crmsystem/src/server/controller/ApiController.ts:24:17)
    at step (/Users/yuanzhijia/Desktop/yd-crmsystem/src/server/controller/ApiController.ts:44:23)
    at Object.next (/Users/yuanzhijia/Desktop/yd-crmsystem/src/server/controller/ApiController.ts:25:53)
    at /Users/yuanzhijia/Desktop/yd-crmsystem/src/server/controller/ApiController.ts:19:71
    at new Promise (<anonymous>)
    at __awaiter (/Users/yuanzhijia/Desktop/yd-crmsystem/src/server/controller/ApiController.ts:15:12)
    at ApiController.test (/Users/yuanzhijia/Desktop/yd-crmsystem/src/server/controller/ApiController.ts:57:16)
    at InversifyKoaServer.<anonymous> (/Users/yuanzhijia/Desktop/yd-crmsystem/node_modules/inversify-koa-utils/lib/server.js:148:128)
    at step (/Users/yuanzhijia/Desktop/yd-crmsystem/node_modules/inversify-koa-utils/lib/server.js:32:23)
    at Object.next (/Users/yuanzhijia/Desktop/yd-crmsystem/node_modules/inversify-koa-utils/lib/server.js:13:53)
[2019-07-07T10:41:45.646] [ERROR] cheese - ReferenceError: aaa is not defined
    at ApiController.<anonymous> (/Users/yuanzhijia/Desktop/yd-crmsystem/src/server/controller/ApiController.ts:24:17)
    at step (/Users/yuanzhijia/Desktop/yd-crmsystem/src/server/controller/ApiController.ts:44:23)
    at Object.next (/Users/yuanzhijia/Desktop/yd-crmsystem/src/server/controller/ApiController.ts:25:53)
    at /Users/yuanzhijia/Desktop/yd-crmsystem/src/server/controller/ApiController.ts:19:71
    at new Promise (<anonymous>)
    at __awaiter (/Users/yuanzhijia/Desktop/yd-crmsystem/src/server/controller/ApiController.ts:15:12)
    at ApiController.test (/Users/yuanzhijia/Desktop/yd-crmsystem/src/server/controller/ApiController.ts:57:16)
    at InversifyKoaServer.<anonymous> (/Users/yuanzhijia/Desktop/yd-crmsystem/node_modules/inversify-koa-utils/lib/server.js:148:128)
    at step (/Users/yuanzhijia/Desktop/yd-crmsystem/node_modules/inversify-koa-utils/lib/server.js:32:23)
    at Object.next (/Users/yuanzhijia/Desktop/yd-crmsystem/node_modules/inversify-koa-utils/lib/server.js:13:53)
[2019-07-07T10:42:29.906] [ERROR] cheese - ReferenceError: aaa is not defined
    at ApiController.<anonymous> (/Users/yuanzhijia/Desktop/yd-crmsystem/src/server/controller/ApiController.ts:24:17)
    at step (/Users/yuanzhijia/Desktop/yd-crmsystem/src/server/controller/ApiController.ts:44:23)
    at Object.next (/Users/yuanzhijia/Desktop/yd-crmsystem/src/server/controller/ApiController.ts:25:53)
    at /Users/yuanzhijia/Desktop/yd-crmsystem/src/server/controller/ApiController.ts:19:71
    at new Promise (<anonymous>)
    at __awaiter (/Users/yuanzhijia/Desktop/yd-crmsystem/src/server/controller/ApiController.ts:15:12)
    at ApiController.test (/Users/yuanzhijia/Desktop/yd-crmsystem/src/server/controller/ApiController.ts:57:16)
    at InversifyKoaServer.<anonymous> (/Users/yuanzhijia/Desktop/yd-crmsystem/node_modules/inversify-koa-utils/lib/server.js:148:128)
    at step (/Users/yuanzhijia/Desktop/yd-crmsystem/node_modules/inversify-koa-utils/lib/server.js:32:23)
    at Object.next (/Users/yuanzhijia/Desktop/yd-crmsystem/node_modules/inversify-koa-utils/lib/server.js:13:53)
[2019-07-07T10:42:31.009] [ERROR] cheese - ReferenceError: aaa is not defined
    at ApiController.<anonymous> (/Users/yuanzhijia/Desktop/yd-crmsystem/src/server/controller/ApiController.ts:24:17)
    at step (/Users/yuanzhijia/Desktop/yd-crmsystem/src/server/controller/ApiController.ts:44:23)
    at Object.next (/Users/yuanzhijia/Desktop/yd-crmsystem/src/server/controller/ApiController.ts:25:53)
    at /Users/yuanzhijia/Desktop/yd-crmsystem/src/server/controller/ApiController.ts:19:71
    at new Promise (<anonymous>)
    at __awaiter (/Users/yuanzhijia/Desktop/yd-crmsystem/src/server/controller/ApiController.ts:15:12)
    at ApiController.test (/Users/yuanzhijia/Desktop/yd-crmsystem/src/server/controller/ApiController.ts:57:16)
    at InversifyKoaServer.<anonymous> (/Users/yuanzhijia/Desktop/yd-crmsystem/node_modules/inversify-koa-utils/lib/server.js:148:128)
    at step (/Users/yuanzhijia/Desktop/yd-crmsystem/node_modules/inversify-koa-utils/lib/server.js:32:23)
    at Object.next (/Users/yuanzhijia/Desktop/yd-crmsystem/node_modules/inversify-koa-utils/lib/server.js:13:53)
[2019-07-07T10:42:31.177] [ERROR] cheese - ReferenceError: aaa is not defined
    at ApiController.<anonymous> (/Users/yuanzhijia/Desktop/yd-crmsystem/src/server/controller/ApiController.ts:24:17)
    at step (/Users/yuanzhijia/Desktop/yd-crmsystem/src/server/controller/ApiController.ts:44:23)
    at Object.next (/Users/yuanzhijia/Desktop/yd-crmsystem/src/server/controller/ApiController.ts:25:53)
    at /Users/yuanzhijia/Desktop/yd-crmsystem/src/server/controller/ApiController.ts:19:71
    at new Promise (<anonymous>)
    at __awaiter (/Users/yuanzhijia/Desktop/yd-crmsystem/src/server/controller/ApiController.ts:15:12)
    at ApiController.test (/Users/yuanzhijia/Desktop/yd-crmsystem/src/server/controller/ApiController.ts:57:16)
    at InversifyKoaServer.<anonymous> (/Users/yuanzhijia/Desktop/yd-crmsystem/node_modules/inversify-koa-utils/lib/server.js:148:128)
    at step (/Users/yuanzhijia/Desktop/yd-crmsystem/node_modules/inversify-koa-utils/lib/server.js:32:23)
    at Object.next (/Users/yuanzhijia/Desktop/yd-crmsystem/node_modules/inversify-koa-utils/lib/server.js:13:53)
[2019-07-07T10:42:52.541] [ERROR] cheese - ReferenceError: aaa is not defined
    at ApiController.<anonymous> (/Users/yuanzhijia/Desktop/yd-crmsystem/src/server/controller/ApiController.ts:24:17)
    at step (/Users/yuanzhijia/Desktop/yd-crmsystem/src/server/controller/ApiController.ts:44:23)
    at Object.next (/Users/yuanzhijia/Desktop/yd-crmsystem/src/server/controller/ApiController.ts:25:53)
    at /Users/yuanzhijia/Desktop/yd-crmsystem/src/server/controller/ApiController.ts:19:71
    at new Promise (<anonymous>)
    at __awaiter (/Users/yuanzhijia/Desktop/yd-crmsystem/src/server/controller/ApiController.ts:15:12)
    at ApiController.test (/Users/yuanzhijia/Desktop/yd-crmsystem/src/server/controller/ApiController.ts:57:16)
    at InversifyKoaServer.<anonymous> (/Users/yuanzhijia/Desktop/yd-crmsystem/node_modules/inversify-koa-utils/lib/server.js:148:128)
    at step (/Users/yuanzhijia/Desktop/yd-crmsystem/node_modules/inversify-koa-utils/lib/server.js:32:23)
    at Object.next (/Users/yuanzhijia/Desktop/yd-crmsystem/node_modules/inversify-koa-utils/lib/server.js:13:53)
[2019-07-07T10:43:10.791] [ERROR] cheese - ReferenceError: aaa is not defined
    at ApiController.<anonymous> (/Users/yuanzhijia/Desktop/yd-crmsystem/src/server/controller/ApiController.ts:24:17)
    at step (/Users/yuanzhijia/Desktop/yd-crmsystem/src/server/controller/ApiController.ts:44:23)
    at Object.next (/Users/yuanzhijia/Desktop/yd-crmsystem/src/server/controller/ApiController.ts:25:53)
    at /Users/yuanzhijia/Desktop/yd-crmsystem/src/server/controller/ApiController.ts:19:71
    at new Promise (<anonymous>)
    at __awaiter (/Users/yuanzhijia/Desktop/yd-crmsystem/src/server/controller/ApiController.ts:15:12)
    at ApiController.test (/Users/yuanzhijia/Desktop/yd-crmsystem/src/server/controller/ApiController.ts:57:16)
    at InversifyKoaServer.<anonymous> (/Users/yuanzhijia/Desktop/yd-crmsystem/node_modules/inversify-koa-utils/lib/server.js:148:128)
    at step (/Users/yuanzhijia/Desktop/yd-crmsystem/node_modules/inversify-koa-utils/lib/server.js:32:23)
    at Object.next (/Users/yuanzhijia/Desktop/yd-crmsystem/node_modules/inversify-koa-utils/lib/server.js:13:53)
[2019-07-07T10:43:19.166] [ERROR] cheese - ReferenceError: aaa is not defined
    at ApiController.<anonymous> (/Users/yuanzhijia/Desktop/yd-crmsystem/src/server/controller/ApiController.ts:24:17)
    at step (/Users/yuanzhijia/Desktop/yd-crmsystem/src/server/controller/ApiController.ts:44:23)
    at Object.next (/Users/yuanzhijia/Desktop/yd-crmsystem/src/server/controller/ApiController.ts:25:53)
    at /Users/yuanzhijia/Desktop/yd-crmsystem/src/server/controller/ApiController.ts:19:71
    at new Promise (<anonymous>)
    at __awaiter (/Users/yuanzhijia/Desktop/yd-crmsystem/src/server/controller/ApiController.ts:15:12)
    at ApiController.test (/Users/yuanzhijia/Desktop/yd-crmsystem/src/server/controller/ApiController.ts:57:16)
    at InversifyKoaServer.<anonymous> (/Users/yuanzhijia/Desktop/yd-crmsystem/node_modules/inversify-koa-utils/lib/server.js:148:128)
    at step (/Users/yuanzhijia/Desktop/yd-crmsystem/node_modules/inversify-koa-utils/lib/server.js:32:23)
    at Object.next (/Users/yuanzhijia/Desktop/yd-crmsystem/node_modules/inversify-koa-utils/lib/server.js:13:53)
[2019-07-07T10:43:36.698] [ERROR] cheese - ReferenceError: aaa is not defined
    at ApiController.<anonymous> (/Users/yuanzhijia/Desktop/yd-crmsystem/src/server/controller/ApiController.ts:24:17)
    at step (/Users/yuanzhijia/Desktop/yd-crmsystem/src/server/controller/ApiController.ts:44:23)
    at Object.next (/Users/yuanzhijia/Desktop/yd-crmsystem/src/server/controller/ApiController.ts:25:53)
    at /Users/yuanzhijia/Desktop/yd-crmsystem/src/server/controller/ApiController.ts:19:71
    at new Promise (<anonymous>)
    at __awaiter (/Users/yuanzhijia/Desktop/yd-crmsystem/src/server/controller/ApiController.ts:15:12)
    at ApiController.test (/Users/yuanzhijia/Desktop/yd-crmsystem/src/server/controller/ApiController.ts:57:16)
    at InversifyKoaServer.<anonymous> (/Users/yuanzhijia/Desktop/yd-crmsystem/node_modules/inversify-koa-utils/lib/server.js:148:128)
    at step (/Users/yuanzhijia/Desktop/yd-crmsystem/node_modules/inversify-koa-utils/lib/server.js:32:23)
    at Object.next (/Users/yuanzhijia/Desktop/yd-crmsystem/node_modules/inversify-koa-utils/lib/server.js:13:53)
[2019-07-07T10:46:23.149] [ERROR] cheese - ReferenceError: aaa is not defined
    at ApiController.<anonymous> (/Users/yuanzhijia/Desktop/yd-crmsystem/src/server/controller/ApiController.ts:24:17)
    at step (/Users/yuanzhijia/Desktop/yd-crmsystem/src/server/controller/ApiController.ts:44:23)
    at Object.next (/Users/yuanzhijia/Desktop/yd-crmsystem/src/server/controller/ApiController.ts:25:53)
    at /Users/yuanzhijia/Desktop/yd-crmsystem/src/server/controller/ApiController.ts:19:71
    at new Promise (<anonymous>)
    at __awaiter (/Users/yuanzhijia/Desktop/yd-crmsystem/src/server/controller/ApiController.ts:15:12)
    at ApiController.test (/Users/yuanzhijia/Desktop/yd-crmsystem/src/server/controller/ApiController.ts:57:16)
    at InversifyKoaServer.<anonymous> (/Users/yuanzhijia/Desktop/yd-crmsystem/node_modules/inversify-koa-utils/lib/server.js:148:128)
    at step (/Users/yuanzhijia/Desktop/yd-crmsystem/node_modules/inversify-koa-utils/lib/server.js:32:23)
    at Object.next (/Users/yuanzhijia/Desktop/yd-crmsystem/node_modules/inversify-koa-utils/lib/server.js:13:53)
[2019-07-07T10:51:33.648] [ERROR] cheese - ReferenceError: aaa is not defined
    at ApiController.<anonymous> (/Users/yuanzhijia/Desktop/yd-crmsystem/src/server/controller/ApiController.ts:24:17)
    at step (/Users/yuanzhijia/Desktop/yd-crmsystem/src/server/controller/ApiController.ts:44:23)
    at Object.next (/Users/yuanzhijia/Desktop/yd-crmsystem/src/server/controller/ApiController.ts:25:53)
    at /Users/yuanzhijia/Desktop/yd-crmsystem/src/server/controller/ApiController.ts:19:71
    at new Promise (<anonymous>)
    at __awaiter (/Users/yuanzhijia/Desktop/yd-crmsystem/src/server/controller/ApiController.ts:15:12)
    at ApiController.test (/Users/yuanzhijia/Desktop/yd-crmsystem/src/server/controller/ApiController.ts:57:16)
    at InversifyKoaServer.<anonymous> (/Users/yuanzhijia/Desktop/yd-crmsystem/node_modules/inversify-koa-utils/lib/server.js:148:128)
    at step (/Users/yuanzhijia/Desktop/yd-crmsystem/node_modules/inversify-koa-utils/lib/server.js:32:23)
    at Object.next (/Users/yuanzhijia/Desktop/yd-crmsystem/node_modules/inversify-koa-utils/lib/server.js:13:53)
