[2019-07-01T10:53:00.812] [ERROR] cheese - { Error: ENOENT: no such file or directory, open '/Users/ys/ys/books-project/zhijia-books-ci-version3/dist/views/books/layouts/layout.ejs'
    at Object.fs.openSync (fs.js:545:3)
    at Object.fs.readFileSync (fs.js:451:33)
    at Object.ret.load (/Users/ys/ys/books-project/zhijia-books-ci-version3/node_modules/swig-templates/lib/loaders/filesystem.js:59:15)
    at exports.Swig.parseFile (/Users/ys/ys/books-project/zhijia-books-ci-version3/node_modules/swig-templates/lib/swig.js:403:31)
    at getParents (/Users/ys/ys/books-project/zhijia-books-ci-version3/node_modules/swig-templates/lib/swig.js:480:14)
    at exports.Swig.precompile (/Users/ys/ys/books-project/zhijia-books-ci-version3/node_modules/swig-templates/lib/swig.js:527:19)
    at exports.Swig.compile (/Users/ys/ys/books-project/zhijia-books-ci-version3/node_modules/swig-templates/lib/swig.js:651:16)
    at /Users/ys/ys/books-project/zhijia-books-ci-version3/node_modules/swig-templates/lib/swig.js:729:27
    at FSReqWrap.readFileAfterClose [as oncomplete] (fs.js:408:3)
  errno: -2,
  syscall: 'open',
  code: 'ENOENT',
  path: '/Users/ys/ys/books-project/zhijia-books-ci-version3/dist/views/books/layouts/layout.ejs' }
[2019-07-18T13:34:51.414] [ERROR] cheese - { Error: ENOENT: no such file or directory, open '/Users/ys/ys/books-project/zhijia-books-mpa-spa-version4/dist/views/books/pages/add.html'
  errno: -2,
  code: 'ENOENT',
  syscall: 'open',
  path: '/Users/ys/ys/books-project/zhijia-books-mpa-spa-version4/dist/views/books/pages/add.html' }
[2019-07-18T18:21:53.066] [ERROR] cheese - AwilixResolutionError: Could not resolve 'booksService'.

Resolution path: booksService
    at resolve (/Users/ys/ys/books-project/zhijia-books-mpa-spa-version4/node_modules/_awilix@4.2.2@awilix/lib/container.js:234:23)
    at Object.get (/Users/ys/ys/books-project/zhijia-books-mpa-spa-version4/node_modules/_awilix@4.2.2@awilix/lib/container.js:65:32)
    at new BooksController (/Users/ys/ys/books-project/zhijia-books-mpa-spa-version4/dist/controllers/BooksController.js:24:5)
    at newClass (/Users/ys/ys/books-project/zhijia-books-mpa-spa-version4/node_modules/_awilix@4.2.2@awilix/lib/resolvers.js:85:24)
    at Object.resolve (/Users/ys/ys/books-project/zhijia-books-mpa-spa-version4/node_modules/_awilix@4.2.2@awilix/lib/resolvers.js:294:20)
    at Object.build (/Users/ys/ys/books-project/zhijia-books-mpa-spa-version4/node_modules/_awilix@4.2.2@awilix/lib/container.js:307:37)
    at memberInvoker (/Users/ys/ys/books-project/zhijia-books-mpa-spa-version4/node_modules/_awilix-koa@4.0.0@awilix-koa/lib/invokers.js:83:38)
    at dispatch (/Users/ys/ys/books-project/zhijia-books-mpa-spa-version4/node_modules/_koa-compose@3.2.1@koa-compose/index.js:44:32)
    at next (/Users/ys/ys/books-project/zhijia-books-mpa-spa-version4/node_modules/_koa-compose@3.2.1@koa-compose/index.js:45:18)
    at /Users/ys/ys/books-project/zhijia-books-mpa-spa-version4/node_modules/_@koa_router@8.0.0@@koa/router/lib/router.js:346:16
[2019-07-18T18:23:59.955] [ERROR] cheese - AwilixResolutionError: Could not resolve 'booksService'.

Resolution path: booksService
    at resolve (/Users/ys/ys/books-project/zhijia-books-mpa-spa-version4/node_modules/_awilix@4.2.2@awilix/lib/container.js:234:23)
    at Object.get (/Users/ys/ys/books-project/zhijia-books-mpa-spa-version4/node_modules/_awilix@4.2.2@awilix/lib/container.js:65:32)
    at new BooksController (/Users/ys/ys/books-project/zhijia-books-mpa-spa-version4/dist/controllers/BooksController.js:24:5)
    at newClass (/Users/ys/ys/books-project/zhijia-books-mpa-spa-version4/node_modules/_awilix@4.2.2@awilix/lib/resolvers.js:85:24)
    at Object.resolve (/Users/ys/ys/books-project/zhijia-books-mpa-spa-version4/node_modules/_awilix@4.2.2@awilix/lib/resolvers.js:294:20)
    at Object.build (/Users/ys/ys/books-project/zhijia-books-mpa-spa-version4/node_modules/_awilix@4.2.2@awilix/lib/container.js:307:37)
    at memberInvoker (/Users/ys/ys/books-project/zhijia-books-mpa-spa-version4/node_modules/_awilix-koa@4.0.0@awilix-koa/lib/invokers.js:83:38)
    at dispatch (/Users/ys/ys/books-project/zhijia-books-mpa-spa-version4/node_modules/_koa-compose@3.2.1@koa-compose/index.js:44:32)
    at next (/Users/ys/ys/books-project/zhijia-books-mpa-spa-version4/node_modules/_koa-compose@3.2.1@koa-compose/index.js:45:18)
    at /Users/ys/ys/books-project/zhijia-books-mpa-spa-version4/node_modules/_@koa_router@8.0.0@@koa/router/lib/router.js:346:16
