[2019-06-26T10:43:47.672] [ERROR] cheese - { Error: ENOENT: no such file or directory, open '/Users/ys/ys/books-project/dist/index.html'
  errno: -2,
  code: 'ENOENT',
  syscall: 'open',
  path: '/Users/ys/ys/books-project/dist/index.html' }
[2019-06-26T10:51:10.635] [ERROR] cheese - { Error: ENOENT: no such file or directory, open '/Users/ys/ys/books-project/dist/index.html'
  errno: -2,
  code: 'ENOENT',
  syscall: 'open',
  path: '/Users/ys/ys/books-project/dist/index.html' }
[2019-06-26T10:53:07.298] [ERROR] cheese - { Error: ENOENT: no such file or directory, open '/Users/ys/ys/books-project/dist/index.html'
  errno: -2,
  code: 'ENOENT',
  syscall: 'open',
  path: '/Users/ys/ys/books-project/dist/index.html' }
[2019-06-26T10:54:12.404] [ERROR] cheese - { Error: ENOENT: no such file or directory, open '/Users/ys/ys/books-project/yd-books-ci-version3/dist/dist/index.html'
  errno: -2,
  code: 'ENOENT',
  syscall: 'open',
  path: '/Users/ys/ys/books-project/yd-books-ci-version3/dist/dist/index.html' }
[2019-06-26T11:15:04.289] [ERROR] cheese - { Error: ENOENT: no such file or directory, open '/Users/ys/ys/books-project/yd-books-ci-version3/dist/dist/index.html'
  errno: -2,
  code: 'ENOENT',
  syscall: 'open',
  path: '/Users/ys/ys/books-project/yd-books-ci-version3/dist/dist/index.html' }
[2019-06-26T11:16:03.871] [ERROR] cheese - { Error: ENOENT: no such file or directory, open '/Users/ys/ys/books-project/yd-books-ci-version3/dist/dist/index.html'
  errno: -2,
  code: 'ENOENT',
  syscall: 'open',
  path: '/Users/ys/ys/books-project/yd-books-ci-version3/dist/dist/index.html' }
[2019-06-26T11:16:12.527] [ERROR] cheese - { Error: ENOENT: no such file or directory, open '/Users/ys/ys/books-project/yd-books-ci-version3/dist/dist/index.html'
  errno: -2,
  code: 'ENOENT',
  syscall: 'open',
  path: '/Users/ys/ys/books-project/yd-books-ci-version3/dist/dist/index.html' }
[2019-06-26T11:16:20.579] [ERROR] cheese - { Error: ENOENT: no such file or directory, open '/Users/ys/ys/books-project/yd-books-ci-version3/dist/dist/index.html'
  errno: -2,
  code: 'ENOENT',
  syscall: 'open',
  path: '/Users/ys/ys/books-project/yd-books-ci-version3/dist/dist/index.html' }
[2019-06-26T11:16:23.726] [ERROR] cheese - { Error: ENOENT: no such file or directory, open '/Users/ys/ys/books-project/yd-books-ci-version3/dist/dist/index.html'
  errno: -2,
  code: 'ENOENT',
  syscall: 'open',
  path: '/Users/ys/ys/books-project/yd-books-ci-version3/dist/dist/index.html' }
[2019-06-26T11:16:30.795] [ERROR] cheese - { Error: ENOENT: no such file or directory, open '/Users/ys/ys/books-project/yd-books-ci-version3/dist/dist/index.html'
  errno: -2,
  code: 'ENOENT',
  syscall: 'open',
  path: '/Users/ys/ys/books-project/yd-books-ci-version3/dist/dist/index.html' }
[2019-06-26T11:16:37.071] [ERROR] cheese - { Error: ENOENT: no such file or directory, open '/Users/ys/ys/books-project/yd-books-ci-version3/dist/dist/index.html'
  errno: -2,
  code: 'ENOENT',
  syscall: 'open',
  path: '/Users/ys/ys/books-project/yd-books-ci-version3/dist/dist/index.html' }
[2019-06-26T11:59:45.177] [ERROR] cheese - { Error: ENOENT: no such file or directory, open '/Users/ys/ys/books-project/yd-books-ci-version3/dist/dist/index.html'
  errno: -2,
  code: 'ENOENT',
  syscall: 'open',
  path: '/Users/ys/ys/books-project/yd-books-ci-version3/dist/dist/index.html' }
[2019-06-26T12:00:24.953] [ERROR] cheese - { Error: ENOENT: no such file or directory, open '/Users/ys/ys/books-project/yd-books-ci-version3/dist/dist/index.html'
  errno: -2,
  code: 'ENOENT',
  syscall: 'open',
  path: '/Users/ys/ys/books-project/yd-books-ci-version3/dist/dist/index.html' }
