Arguments: 
  /Users/ys/.nvm/versions/node/v10.0.0/bin/node /Users/ys/.yarn/bin/yarn.js webpack-cli --save-dev

PATH: 
  /usr/local/opt/ruby/bin:/Users/ys/.yarn/bin:/Users/ys/.config/yarn/global/node_modules/.bin:/Users/ys/usr/local/Cellar/redis/4.0.2/bin:/Applications/Visual Studio Code - Insiders.app/Contents/Resources/app/bin:/Users/ys/workspace/flutter/bin:/usr/local/bin:/usr/bin:/bin:/usr/sbin:/sbin:/usr/local/aria2/bin:/usr/local/opt/ruby/bin:/Users/ys/.yarn/bin:/Users/ys/.config/yarn/global/node_modules/.bin:/Users/ys/usr/local/Cellar/redis/4.0.2/bin:/Users/ys/.nvm/versions/node/v10.0.0/bin:/Applications/Visual Studio Code - Insiders.app/Contents/Resources/app/bin:/Users/ys/workspace/flutter/bin

Yarn version: 
  1.5.1

Node version: 
  10.0.0

Platform: 
  darwin x64

npm manifest: 
  {
    "name": "yd-webpack4",
    "version": "1.0.0",
    "main": "index.js",
    "scripts": {
      "dev": "webpack --mode develoment"
    },
    "license": "MIT"
  }

yarn manifest: 
  No manifest

Lockfile: 
  No lockfile

Trace: 
  Error: Command "webpack-cli" not found.
      at new MessageError (/Users/ys/.yarn/lib/cli.js:186:110)
      at /Users/ys/.yarn/lib/cli.js:87307:17
      at Generator.next (<anonymous>)
      at step (/Users/ys/.yarn/lib/cli.js:98:30)
      at /Users/ys/.yarn/lib/cli.js:116:14
      at new Promise (<anonymous>)
      at new F (/Users/ys/.yarn/lib/cli.js:23451:28)
      at /Users/ys/.yarn/lib/cli.js:95:12
      at runCommand (/Users/ys/.yarn/lib/cli.js:87312:22)
      at Object.<anonymous> (/Users/ys/.yarn/lib/cli.js:87412:14)
